3691888.45798972 2648233.21625245                                                        
3692705.64215357 2661635.45125621                                                        
3693522.83730162 2675037.86640637                                                        
3694340.04728531 2688440.52486866                                                        
3695157.27596639 2701843.4899776                                                         
3695974.52721707 2715246.82523938                                                        
3696791.80492019 2728650.59433478                                                        
3697609.11296945 2742054.86112212                                                        
3698426.45526953 2755459.68964026                                                        
3699243.8357363 2768865.14411161                                                        
3700061.25829703 2782271.28894521                                                       
3700878.72689055 2795678.18873981                                                       
3701696.24546743 2809085.90828699                                                       
3702513.81799021 2822494.51257433                                                       
3703331.44843357 2835904.06678862                                                       
3708986.33094778 2647219.7229556                                                        
3709758.16753742 2660624.64598158                                                       
3710530.01450171 2674029.74919009                                                       
3711301.87547839 2687435.09575954                                                       
3712073.75411488 2700840.74903714                                                       
3712845.65406853 2714246.77254182                                                       
3713617.57900672 2727653.22996713                                                       
3714389.53260706 2741060.1851842                                                        
3715161.51855756 2754467.70224472                                                       
3715933.54055678 2767875.84538401                                                       
3716705.60231407 2781284.67902402                                                       
3717477.70754966 2794694.26777643                                                       
3718249.85999492 2808104.67644584                                                       
3719022.06339249 2821515.97003286                                                       
3719794.32149649 2834928.21373736                                                       
3726087.5349371 2646264.0815645                                                         
3726814.01511785 2659671.53917587                                                       
3727540.5050636 2673079.17700383                                                        
3728267.0081983 2686487.05823874                                                        
3728993.52795505 2699895.2462398                                                        
3729720.06777627 2713303.80453794                                                       
3730446.63111384 2726712.79683876                                                       
3731173.22142924 2740122.28702546                                                       
3731899.84219376 2753532.33916184                                                       
3732626.49688864 2766943.01749537                                                       
3733353.18900523 2780354.38646018                                                       
3734079.92204515 2793766.51068017                                                       
3734806.6995205 2807179.45497218                                                        
3735533.52495398 2820593.28434912                                                       
3736260.40187911 2834008.06402318                                                       
3743191.87421209 2645366.30301771                                                       
3743872.98966843 2658776.14174862                                                       
3744554.11428 2672186.16072812                                                          
3745235.25125695 2685596.4231578                                                        
3745916.403818 2699006.99240811                                                         
3746597.5751906 2712417.93202126                                                        
3747278.76861107 2725829.30571416                                                       
3747959.98732476 2739241.17738137                                                       
3748641.23458619 2752653.61109807                                                       
3749322.51365921 2766066.67112312                                                       
3750003.82781715 2779480.4219021                                                        
3750685.180343 2792894.9280704                                                          
3751366.57452952 2806310.25445636                                                       
3752048.01367945 2819726.46608444                                                       
3752729.50110565 2833143.62817841                                                       
3760299.15299124 2644526.39759149                                                       
3760934.89592693 2657938.46394882                                                       
3761570.64740797 2671350.71058469                                                       
3762206.41043066 2684763.20071119                                                       
3762842.18799932 2698175.99770927                                                       
3763477.9831264 2711589.16513173                                                        
3764113.79883263 2725002.76670605                                                       
3764749.63814717 2738416.86633739                                                       
3765385.50410774 2751831.5281116                                                        
3766021.39976078 2765246.81629819                                                       
3766657.32816155 2778662.79535346                                                       
3767293.29237435 2792079.52992354                                                       
3767929.2954726 2805497.08484753                                                        
3768565.34053901 2818915.52516069                                                       
3769201.43066578 2832334.91609763                                                       
3777409.17545944 2643744.37489965                                                       
3777999.53859756 2657158.5153648                                                        
3778589.90967106 2670572.83613637                                                       
3779180.29146236 2683987.40043622                                                       
3779770.68676133 2697402.27165512                                                       
3780361.09836538 2710817.51335567                                                       
3780951.52907963 2724233.18927523                                                       
3781541.98171701 2737649.36332883                                                       
3782132.45909841 2751066.09961223                                                       
3782722.96405281 2764483.46240489                                                       
3783313.49941738 2777901.51617306                                                       
3783904.06803769 2791320.32557287                                                       
3784494.67276778 2804739.95545346                                                       
3785085.31647031 2818160.47086015                                                       
3785676.00201676 2831581.93703762                                                       
3794521.74577014 2643020.24389346                                                       
3795066.72235322 2656436.30492408                                                       
3795611.70626161 2669852.54628695                                                       
3796156.70006383 2683269.03121296                                                       
3796701.70633526 2696685.82310196                                                       
3797246.72765826 2710102.98552566                                                       
3797791.76662228 2723520.58223053                                                       
3798336.825824 2736938.67714077                                                         
3798881.90786744 2750357.3343613                                                        
3799427.01536409 2763776.61818079                                                      
3799972.15093302 2777196.59307472                                                      
3800517.31720101 2790617.32370849                                                      
3801062.5168027 2804038.8749405                                                        
3801607.75238067 2817461.31182539                                                      
3802153.02658562 2830884.69961721                                                      
3811636.66804764 2642354.01286153                                                      
3812136.25183771 2655771.84089331                                                      
3812635.84234294 2669189.84928107                                                      
3813135.44191792 2682608.10126406                                                      
3813635.0529235 2696026.66025047                                                       
3814134.67772696 2709445.58982039                                                      
3814634.31870206 2722864.95372866                                                      
3815133.97822921 2736284.81590793                                                      
3815633.65869552 2749705.24047154                                                      
3816133.36249497 2763126.29171665                                                      
3816633.09202846 2776548.03412722                                                      
3817132.84970399 2789970.53237716                                                      
3817632.63793675 2803393.85133343                                                      
3818132.45914922 2816818.05605922                                                      
3818632.31577132 2830243.21181717                                                      
