162994.086616045 278864.524064421                                                        
162972.666863503 292770.999666592                                                        
162951.229118476 306677.370591224                                                        
162929.773330811 320583.669593404                                                        
162908.299450197 334489.929421416                                                        
162886.807426161 348396.18281704                                                         
162865.297208069 362302.462515877                                                        
162843.768745124 376208.801247637                                                        
162822.221986369 390115.231736462                                                        
162800.656880682 404021.786701242                                                       
162779.07337678 417928.498855899                                                        
162757.471423214 431835.40090972                                                        
162735.850968373 445742.525567655                                                       
162714.211960481 459649.905530622                                                       
162692.554347595 473557.573495824                                                       
180733.564225109 278922.055467761                                                       
180664.744804664 292828.426271275                                                       
180595.867146331 306734.692003993                                                       
180526.931088995 320640.885420424                                                       
180457.93647102 334547.039268271                                                        
180388.883130249 348453.186288729                                                       
180319.770904006 362359.359216805                                                       
180250.599629086 376265.590781628                                                       
180181.369141761 390171.913706741                                                       
180112.079277777 404078.360710427                                                       
180042.729872351 417984.964506017                                                       
179973.320760169 431891.757802183                                                       
179903.851775387 445798.773303269                                                       
179834.32275163 459706.043709575                                                        
179764.733521985 473613.601717688                                                       
198472.838478596 279040.025590354                                                       
198356.619168395 292946.181757805                                                       
198240.301378821 306852.232046675                                                       
198123.884837804 320758.209210292                                                       
198007.369272398 334664.14599516                                                        
197890.754408772 348570.075141283                                                       
197774.039972212 362476.029382457                                                       
197657.22568712 376382.041446595                                                        
197540.311277009 390288.144056021                                                       
197423.296464498 404194.369927788                                                       
197306.180971317 418100.751773984                                                       
197188.964518297 432007.322302043                                                       
197071.646825373 445914.114215052                                                       
196954.227611578 459821.160212055                                                       
196836.706595042 473728.492988365                                                       
216211.769524805 279218.434817116                                                       
216048.149948484 293124.266503377                                                       
215884.391657926 307029.99108876                                                        
215720.494270125 320935.64132481                                                        
215556.457400837 334841.249956225                                                       
215392.280664575 348746.849721194                                                       
215227.963674608 362652.473351685                                                       
215063.506042959 376558.153573778                                                       
214898.907380397 390463.923107946                                                       
214734.167296437 404369.814669382                                                       
214569.285399336 418275.860968302                                                       
214404.261296088 432182.094710258                                                       
214239.094592423 446088.54859644                                                        
214073.784892802 459995.255323987                                                       
213908.331800414 473902.247586295                                                       
233950.217499647 279457.28373175                                                        
233739.197126393 293362.681080005                                                       
233527.997813362 307267.969690611                                                       
233316.619066634 321173.182312709                                                       
233105.060390692 335078.351688586                                                       
232893.321288418 348983.510553998                                                       
232681.401261088 362888.691638479                                                       
232469.299808368 376793.927665636                                                       
232257.016428309 390699.251353479                                                       
232044.550617344 404604.695414702                                                       
231831.901870284 418510.292557021                                                       
231619.069680309 432416.075483463                                                       
231406.053538971 446322.076892681                                                       
231192.852936182 460228.329479264                                                       
230979.467360215 474134.865934039                                                       
251688.042521578 279756.573116645                                                       
251429.620666214 293661.426254436                                                       
251170.979657558 307566.168603353                                                       
250912.118890809 321470.832909532                                                       
250653.037759208 335375.451912244                                                       
250393.735654035 349280.058344196                                                       
250134.211964604 363184.68493186                                                        
249874.466078256 377089.364395762                                                       
249614.497380357 390994.129450809                                                       
249354.305254287 404899.012806579                                                       
249093.889081443 418804.047167642                                                       
248833.248241224 432709.265233872                                                       
248572.382111032 446614.699700743                                                       
248311.290066267 460520.383259642                                                       
248049.971480315 474426.348598183                                                       
269425.104686544 280116.303952752                                                       
269119.280509635 294020.502988001                                                       
268813.196980652 307924.588768755                                                       
268506.853383946 321828.594037532                                                       
268200.249001556 335732.551529971                                                       
267893.383113196 349636.493975123                                                       
267586.254996257 363540.454095775                                                       
267278.863925795 377444.464608755                                                       
266971.209174524 391348.558225237                                                       
266663.290012816 405252.767651058                                                      
266355.105708688 419157.125587008                                                      
266046.655527797 433061.664729167                                                      
265737.938733439 446966.417769193                                                      
265428.954586534 460871.417394623                                                      
265119.702345626 474776.696289209                                                      
287161.264062913 280536.477419441                                                      
286808.036570904 294439.912436503                                                      
286454.509545471 308343.231319091                                                      
286100.682160166 322246.466805511                                                      
285746.553585866 336149.651627148                                                      
285392.122990767 350052.818508792                                                      
285037.389540381 363956.00016893                                                       
284682.352397521 377859.229320064                                                      
284327.0107223 391762.538669016                                                        
283971.363672121 405665.960917245                                                      
283615.410401672 419569.528761136                                                      
283259.150062913 433473.274892336                                                      
282902.581805077 447377.231998039                                                      
282545.704774654 461281.4327613                                                        
282188.518115389 475185.909861352