251805.659850845 5600078.12914529                                                        
252461.993137186 5613972.55183478                                                        
253119.51149474 5627867.16299582                                                         
253778.211818497 5641761.9624724                                                         
254438.090997527 5655656.95010487                                                        
255099.145914995 5669552.12573001                                                        
255761.373448172 5683447.48918098                                                        
256424.77046845 5697343.04028732                                                         
257089.333841355 5711238.77887499                                                        
257755.060426564 5725134.70476635                                                       
258421.947077916 5739030.81778017                                                       
259089.990643425 5752927.11773162                                                       
259759.187965297 5766823.60443229                                                       
260429.535879944 5780720.27769018                                                       
261101.031217994 5794617.13730971                                                       
269530.058922113 5599271.57475979                                                       
270139.436673977 5613166.68944624                                                       
270749.9153917 5627062.00794566                                                         
271361.492194213 5640957.53008857                                                       
271974.164194922 5654853.25570155                                                       
272587.928501728 5668749.18460732                                                       
273202.782217031 5682645.31662467                                                       
273818.722437749 5696541.65156853                                                       
274435.746255325 5710438.1892499                                                        
275053.850755747 5724334.92947592                                                       
275673.033019555 5738231.87204986                                                       
276293.290121856 5752129.01677106                                                       
276914.619132337 5766026.36343504                                                       
277537.017115278 5779923.91183341                                                       
278160.481129565 5793821.66175392                                                       
287255.298014316 5598524.85356424                                                       
287817.736797932 5612420.60811535                                                       
288381.192321288 5626316.58068493                                                       
288945.661926778 5640212.77109105                                                       
289511.142951678 5654109.17914761                                                       
290077.632728154 5668005.80466437                                                       
290645.12858328 5681902.64744689                                                        
291213.627839042 5695799.70729659                                                       
291783.127812355 5709696.98401072                                                       
292353.625815073 5723594.47738238                                                       
292925.119154001 5737492.18720051                                                       
293497.605130908 5751390.1132499                                                        
294071.081042536 5765288.25531122                                                       
294645.544180614 5779186.61316096                                                       
295220.99183187 5793085.18657149                                                        
304981.311483795 5597837.94516314                                                       
305496.826594265 5611734.28764836                                                       
306013.274106953 5625630.86122145                                                       
306530.651587278 5639527.66568914                                                       
307048.956595945 5653424.7008537                                                        
307568.186688962 5667321.966513                                                         
308088.339417645 5681219.46246049                                                       
308609.412328633 5695117.18848522                                                       
309131.402963895 5709015.14437183                                                       
309654.308860745 5722913.32990054                                                       
310178.127551846 5736811.74484719                                                       
310702.85656523 5750710.38898321                                                        
311228.493424302 5764609.26207565                                                       
311755.03564785 5778508.36388717                                                        
312282.480750063 5792407.69417603                                                       
322708.033933292 5597210.83078893                                                       
323176.639393822 5611107.70946318                                                       
323646.092816993 5625004.83115856                                                       
324116.39199084 5638902.19567147                                                        
324587.534699102 5652799.80279359                                                       
325059.518721228 5666697.65231201                                                       
325532.34183239 5680595.74400916                                                        
326006.001803493 5694494.07766283                                                       
326480.496401179 5708392.65304617                                                       
326955.823387844 5722291.46992771                                                       
327431.980521642 5736190.52807136                                                       
327908.965556499 5750089.82723639                                                       
328386.776242121 5763989.36717748                                                       
328865.410324002 5777889.14764466                                                       
329344.865543437 5791789.16838337                                                       
340435.400191412 5596643.49330292                                                       
340857.108752613 5610540.85659041                                                       
341279.580744147 5624438.47369607                                                       
341702.814176301 5638336.34440695                                                       
342126.807055479 5652234.46850522                                                       
342551.557384217 5666132.84576822                                                       
342977.063161185 5680031.47596846                                                       
343403.3223812 5693930.35887355                                                         
343830.333035234 5707829.49424633                                                       
344258.093110422 5721728.88184476                                                       
344686.60059007 5735628.52142198                                                        
345115.853453665 5749528.4127263                                                        
345545.849676885 5763428.55550124                                                       
345976.587231603 5777328.94948544                                                       
346408.064085901 5791229.59441279                                                       
358163.345292095 5596135.9171961                                                        
358538.168431338 5610033.71367419                                                       
358913.670385194 5623931.77363115                                                       
359289.849385866 5637830.09684572                                                       
359666.703662098 5651728.68309157                                                       
360044.231439185 5665627.53213736                                                       
360422.430938977 5679526.64374673                                                       
360801.300379889 5693426.01767825                                                       
361180.837976907 5707325.65368552                                                       
361561.041941597 5721225.55151708                                                      
361941.910482112 5735125.71091648                                                      
362323.4418032 5749026.13162225                                                        
362705.634106214 5762926.81336792                                                      
363088.485589114 5776827.75588201                                                      
363471.994446481 5790728.95888807                                                      
375891.804454081 5595688.08858994                                                      
376219.752374924 5609586.26697295                                                      
376548.294420547 5623484.71735913                                                      
376877.429044773 5637383.43951992                                                      
377207.154698396 5651282.43322151                                                      
377537.46982918 5665181.69822493                                                       
377868.372881869 5679081.234286                                                        
378199.862298194 5692981.04115536                                                      
378531.936516878 5706881.11857844                                                      
378864.593973643 5720781.46629553                                                      
379197.833101219 5734682.08404171                                                      
379531.652329347 5748582.97154692                                                      
379866.050084789 5762484.1285359                                                       
380201.024791332 5776385.55472826                                                      
380536.574869799 5790287.24983843                                                      

