2775133.12133152 6117550.47276456                                                        
2768596.53207273 6130818.35020918                                                        
2762052.73562309 6144077.21919813                                                        
2755501.76936918 6157327.10075796                                                        
2748943.67056686 6170568.01602295                                                        
2742378.47634126 6183799.98623418                                                        
2735806.22368682 6197023.03273856                                                        
2729226.94946727 6210237.17698793                                                        
2722640.69041571 6223442.44053805                                                        
2716047.48313456 6236638.84504774                                                       
2709447.36409569 6249826.4122779                                                        
2702840.36964041 6263005.16409059                                                       
2696226.53597956 6276175.12244816                                                       
2689605.89919356 6289336.30941226                                                       
2682978.49523251 6302488.74714299                                                       
2792069.95895282 6125920.4005455                                                        
2785476.43706684 6139175.17249838                                                       
2778875.71936354 6152420.8001179                                                        
2772267.84357562 6165657.30496412                                                       
2765652.84730064 6178884.70870501                                                       
2759030.76800104 6192103.03311546                                                       
2752401.64300419 6205312.30007631                                                       
2745765.50950237 6218512.53157336                                                       
2739122.40455287 6231703.74969644                                                       
2732472.36507798 6244885.97663842                                                       
2725815.42786508 6258059.23469428                                                       
2719151.6295667 6271223.54626014                                                        
2712481.00670058 6284378.93383233                                                       
2705803.59564977 6297525.42000647                                                       
2699119.43266269 6310663.02747652                                                       
2808990.71406735 6134363.05199652                                                       
2802340.11635191 6147604.50941028                                                       
2795682.33594906 6160836.68591504                                                       
2789017.41093654 6174059.60361476                                                       
2782345.37925249 6187273.28472141                                                       
2775666.27869543 6200477.75155392                                                       
2768980.14692434 6213673.0265372                                                        
2762287.02145863 6226859.13220118                                                       
2755586.9396783 6240036.09117973                                                        
2748879.93882389 6253203.92620978                                                       
2742166.05599663 6266362.66013029                                                       
2735445.32815847 6279512.31588127                                                       
2728717.79213221 6292652.91650283                                                       
2721983.48460156 6305784.48513425                                                       
2715242.44211127 6318907.04501296                                                       
2825895.14510236 6142878.61138111                                                       
2819187.32763221 6156106.5424686                                                        
2812472.34238273 6169325.05538602                                                       
2805750.22777558 6182534.17279176                                                       
2799021.02208823 6195733.9174522                                                        
2792284.76345396 6208924.31224069                                                       
2785541.4898619 6222105.38013655                                                        
2778791.23915713 6235277.14422401                                                       
2772034.04904069 6248439.62769122                                                       
2765269.95706971 6261592.85382924                                                       
2758499.00065745 6274736.84603104                                                       
2751721.21707345 6287871.62779048                                                       
2744936.64344355 6300997.22270138                                                       
2738145.31675009 6314113.65445646                                                       
2731347.27383197 6327220.94684642                                                       
2842783.0077747 6151467.26389369                                                        
2836017.82591006 6164681.45409758                                                       
2829245.49297435 6177886.0881977                                                        
2822466.04773193 6191081.18941748                                                       
2815679.52879824 6204266.78108831                                                       
2808885.97463988 6217442.88664848                                                       
2802085.42357464 6230609.52964213                                                       
2795277.91377159 6243766.73371821                                                       
2788463.48325115 6256914.52262942                                                       
2781642.1698852 6270052.92023118                                                        
2774814.01139715 6283181.95048065                                                       
2767979.04536209 6296301.63743564                                                       
2761137.30920688 6309412.00525365                                                       
2754288.84021027 6322513.07819083                                                       
2747433.6755031 6335604.88060102                                                        
2859654.05507031 6160129.1956489                                                        
2852831.36346536 6173329.42761105                                                       
2846001.53931999 6186519.96487612                                                       
2839164.62173991 6199700.83124339                                                       
2832320.64967712 6212872.05061997                                                       
2825469.66192997 6226033.64701974                                                       
2818611.69714327 6239185.64456226                                                       
2811746.79380837 6252328.06747167                                                       
2804874.99026323 6265460.94007568                                                       
2797996.32469255 6278584.28680444                                                       
2791110.8351279 6291698.13218958                                                        
2784218.55944781 6304802.50086306                                                       
2777319.53537794 6317897.41755623                                                       
2770413.8004912 6330982.90709874                                                        
2763501.39220794 6344058.99441752                                                       
2876508.03722366 6168864.59367087                                                       
2869627.68983511 6182050.64720147                                                       
2862740.23028161 6195226.86679539                                                       
2855845.69800874 6208393.27683871                                                       
2848944.13230349 6221549.90182514                                                       
2842035.57229435 6234696.76635493                                                       
2835120.05695141 6247833.89513375                                                       
2828197.62508641 6260961.31297164                                                       
2821268.31535294 6274079.04478183                                                       
2814332.16624651 6287187.11557972                                                      
2807389.21610468 6300285.55048181                                                      
2800439.50310722 6313374.37470459                                                      
2793483.06527628 6326453.6135635                                                       
2786519.94047652 6339523.29247186                                                      
2779550.16641531 6352583.43693984                                                      
2893344.70169722 6177673.64588236                                                      
2886406.55179297 6190845.29792882                                                      
2879461.31196663 6204006.97616635                                                      
2872509.02200209 6217158.70557889                                                      
2865549.72151969 6230300.51125776                                                      
2858583.44997628 6243432.41840053                                                      
2851610.24666535 6256554.45230985                                                      
2844630.15071714 6269666.63839238                                                      
2837643.20109878 6282769.00215764                                                      
2830649.43661442 6295861.56921688                                                      
2823648.8959054 6308944.36528202                                                       
2816641.61745039 6322017.41616453                                                      
2809627.63956558 6335080.74777435                                                      
2802607.00040487 6348134.3861188                                                       
2795579.73796001 6361178.3573015                                                       
