163004.214385339 278864.387670049
162982.796743976 292770.80747898
162961.3609599 306677.12266683
162939.90698297 320583.365988556
162918.434762883 334489.570192299
162896.944249172 348395.768019711
162875.435391209 362301.992206252
162853.908138202 376208.27548151
162832.362439194 390114.650569493
162810.798243066 404021.150188952
162789.215498534 417927.807053684
162767.614154148 431834.653872843
162745.994158293 445741.723351251
162724.355459189 459649.048189695
162702.698004888 473556.661085248
180743.620963694 278921.916119751
180674.803914405 292828.23132918
180605.928476783 306734.441523244
180536.994489723 320640.579456329
180468.001791597 334546.677875983
180398.950220257 348452.769523287
180329.839613029 362358.887133101
180260.669806715 376265.063434424
180191.44063759 390171.331150666
180122.151941399 404077.722999981
180052.80355336 417984.271695562
179983.395308157 431891.009945951
179913.927039945 445797.970455364
179844.398582341 459705.185923972
179774.80976843 473612.689048226
198482.824441375 279039.882958377
198366.607760332 292945.983732048
198250.292449258 306851.978681549
198133.878236093 320757.900560076
198017.364847898 334663.782113993
197900.75201085 348569.656083165
197784.039450242 362475.555201261
197667.226890478 376381.512196054
197550.314055075 390287.559789737
197433.300666654 404193.730699229
197316.186446945 418100.057636487
197198.971116777 432006.573308808
197081.654396082 445913.31041915
196964.236003889 459820.301666426
196846.715658323 473727.579745818
216221.684968143 279218.288573364
216058.068277004 293124.065067292
215894.31272076 307029.734513732
215730.417916415 320935.329664089
215566.383479734 334840.883262925
215402.209025238 348746.428048296
215237.894166203 362651.996752033
215073.438514653 376557.622100076
214908.841681363 390463.336812766
214744.103275849 404369.173605166
214579.222906366 418275.165187357
214414.200179911 432181.344264751
214249.034702208 446087.743538412
214083.726077716 459994.395705346
213918.273909617 473901.333458815
233960.062681354 279457.133550938
233749.045447321 293362.475909435
233537.849122439 307267.709582649
233326.473212798 321172.867319582
233114.917222891 335077.981862381
232903.180655606 348983.085946676
232691.263012227 362888.21230185
232479.163792422 376793.393651383
232266.882494248 390698.662713141
232054.418614139 404604.052199693
231841.771646906 418509.594818616
231628.941085729 432415.323272799
231415.926422155 446321.270260774
231202.727146095 460227.468476981
230989.342745816 474133.950612125
251697.817700892 279756.418676018
251439.399236801 293661.217027739
251180.761468147 307565.904641933
250921.903790138 321470.514264595
250662.825596026 335375.078634849
250403.526277097 349279.630485274
250144.005222672 363184.202542194
249884.261820097 377088.827526011
249624.295454741 390993.538151485
249364.105509988 404898.367128062
249103.691367233 418803.347160181
248843.052405876 432708.510947571
248582.188003318 446613.89118558
248321.097534951 460519.520565457
248059.78037416 474425.431774686
269434.810124117 280116.144932098
269128.989588542 294020.289386074
268822.909549425 307924.320635875
268516.569291131 321828.271423879
268209.968095705 335732.174485579
267903.105242872 349636.062549896
267595.980010028 363539.968339473
267288.591672232 377443.924571006
266980.939502206 391347.963955529
266673.022770322 405252.119198738
266364.840744597 419156.423001295
266056.39269069 433060.908059135
265747.677871893 446965.607063783
265438.695549123 460870.552702649
265129.444980919 474775.777659338
287170.900020792 280536.313501085
286817.676418182 294439.694142758
286464.153130492 308342.958699256
286110.329331283 322246.139908736
285756.204191443 336149.270502447
285401.776879176 350052.38320504
285047.04656 363955.510734861
284692.012396735 377858.685804276
284336.673549496 391761.941119969
283981.029175691 405665.309383254
283625.078430007 419568.823290393
283268.820464405 433472.51553288
282912.254428115 447376.418797782
282555.379467625 461280.565768022
282198.194726676 475184.989122687

