4001940.54734429 3052925.37635443
4002787.28667722 3066807.84318907
4003635.1567893 3080690.70179349
4004484.156689 3094573.93537384
4005334.28538561 3108457.52712895
4006185.5418892 3122341.46025043
4007037.92521065 3136225.71792263
4007891.43436162 3150110.28332268
4008746.06835459 3163995.13962056
4009601.8262028 3177880.26997905
4010458.70692033 3191765.65755383
4011316.70952202 3205651.28549348
4012175.83302353 3219537.13693947
4013036.07644129 3233423.19502625
4013897.43879254 3247309.44288124
4019642.47330916 3051866.65810404
4020442.20790135 3065751.4804923
4021243.01065296 3079636.70082781
4022044.88062788 3093522.30231716
4022847.81689075 3107408.26815964
4023651.81850696 3121294.5815473
4024456.88454267 3135181.22566496
4025263.0140648 3149068.18369023
4026070.20614098 3162955.43879356
4026878.45983964 3176842.97413822
4027687.77422993 3190730.77288039
4028498.14838178 3204618.81816915
4029309.58136585 3218507.0931465
4030122.07225354 3232395.58094739
4030935.62011704 3246284.2646998
4037348.44492587 3050868.39374216
4038101.16854545 3064755.4370243
4038854.89767021 3078642.8840789
4039609.63141938 3092530.71811296
4040365.36891292 3106418.92232619
4041122.1092715 3120307.47991108
4041879.85161648 3134196.37405289
4042638.59506996 3148085.58792967
4043398.33875473 3161975.10471232
4044159.0817943 3175864.90756461
4044920.82331286 3189754.97964317
4045683.56243534 3203645.30409755
4046447.29828737 3217535.86407026
4047212.02999528 3231426.64269675
4047977.75668612 3245317.62310549
4055058.2241921 3049930.59108979
4055763.93097475 3063819.72061608
4056470.58057585 3077709.25938762
4057178.17216993 3091599.19061182
4057886.70493222 3105489.49748879
4058596.17803859 3119380.16321142
4059306.59066559 3133271.17096539
4060017.94199042 3147162.50392919
4060730.23119097 3161054.14527414
4061443.45744578 3174946.07816445
4062157.61993404 3188838.2857572
4062872.71783564 3202730.7512024
4063588.75033111 3216623.45764302
4064305.71660163 3230516.38821499
4065023.61582909 3244409.52604724
4072771.57310965 3049053.25749277
4073430.25755843 3062944.33862284
4074089.82210846 3076835.83411845
4074750.26598956 3090727.72718737
4075411.58843215 3104620.00103008
4076073.78866726 3118512.63883987
4076736.86592656 3132405.62380281
4077400.81944235 3146298.93909778
4078065.64844753 3160192.56789653
4078731.35217563 3174086.49336366
4079397.9298608 3187980.6986567
4080065.38073781 3201875.16692607
4080733.70404206 3215769.88131518
4081402.89900955 3229664.8249604
4082072.96487693 3243559.98099113
4090488.25368422 3048236.39982198
4091099.91066938 3062129.29792428
4091712.3850102 3076022.61515975
4092325.67599169 3089916.33473651
4092939.78289942 3103810.43985542
4093554.70501958 3117704.91371012
4094170.44163888 3131599.73948704
4094786.99204465 3145494.90036545
4095404.35552479 3159390.37951748
4096022.53136777 3173286.16010811
4096641.51886264 3187182.22529526
4097261.31729902 3201078.55822978
4097881.92596712 3214975.14205548
4098503.34415772 3228871.95990913
4099125.57116217 3242768.99492057
4108208.02792509 3047480.02447358
4108772.65268396 3061374.6049247
4109338.0320265 3075269.6089239
4109904.16529286 3089165.01967962
4110471.05182377 3103060.82039304
4111038.69096045 3116956.99425816
4111607.08204468 3130853.52446173
4112176.22441876 3144750.39418339
4112746.11742554 3158647.58659561
4113316.76040838 3172545.08486374
4113888.15271118 3186442.87214608
4114460.29367839 3200340.93159384
4115033.18265498 3214239.24635121
4115606.81898645 3228137.79955537
4116181.20201883 3242036.57433653
4125930.65784495 3046784.13736915
4126448.24598176 3060680.26555329
4126966.52590588 3074576.82134757
4127485.4970126 3088473.78796074
4128005.1586977 3102371.14859428
4128525.51035746 3116268.8864425
4129046.55138864 3130166.98469248
4129568.28118849 3144065.42652418
4130090.69915476 3157964.1951104
4130613.80468567 3171863.27361683
4131137.59717996 3185762.6452021
4131662.07603682 3199662.29301778
4132187.24065595 3213562.20020841
4132713.09043754 3227462.34991151
4133239.62478226 3241362.72525768

