   1 | POINT(5.5 50.5)
   2 | POINT(5.5 50.625)
   3 | POINT(5.5 50.75)
   4 | POINT(5.5 50.875)
   5 | POINT(5.5 51)
   6 | POINT(5.5 51.125)
   7 | POINT(5.5 51.25)
   8 | POINT(5.5 51.375)
   9 | POINT(5.5 51.5)
  10 | POINT(5.5 51.625)
  11 | POINT(5.5 51.75)
  12 | POINT(5.5 51.875)
  13 | POINT(5.5 52)
  14 | POINT(5.5 52.125)
  15 | POINT(5.5 52.25)
  16 | POINT(5.75 50.5)
  17 | POINT(5.75 50.625)
  18 | POINT(5.75 50.75)
  19 | POINT(5.75 50.875)
  20 | POINT(5.75 51)
  21 | POINT(5.75 51.125)
  22 | POINT(5.75 51.25)
  23 | POINT(5.75 51.375)
  24 | POINT(5.75 51.5)
  25 | POINT(5.75 51.625)
  26 | POINT(5.75 51.75)
  27 | POINT(5.75 51.875)
  28 | POINT(5.75 52)
  29 | POINT(5.75 52.125)
  30 | POINT(5.75 52.25)
  31 | POINT(6 50.5)
  32 | POINT(6 50.625)
  33 | POINT(6 50.75)
  34 | POINT(6 50.875)
  35 | POINT(6 51)
  36 | POINT(6 51.125)
  37 | POINT(6 51.25)
  38 | POINT(6 51.375)
  39 | POINT(6 51.5)
  40 | POINT(6 51.625)
  41 | POINT(6 51.75)
  42 | POINT(6 51.875)
  43 | POINT(6 52)
  44 | POINT(6 52.125)
  45 | POINT(6 52.25)
  46 | POINT(6.25 50.5)
  47 | POINT(6.25 50.625)
  48 | POINT(6.25 50.75)
  49 | POINT(6.25 50.875)
  50 | POINT(6.25 51)
  51 | POINT(6.25 51.125)
  52 | POINT(6.25 51.25)
  53 | POINT(6.25 51.375)
  54 | POINT(6.25 51.5)
  55 | POINT(6.25 51.625)
  56 | POINT(6.25 51.75)
  57 | POINT(6.25 51.875)
  58 | POINT(6.25 52)
  59 | POINT(6.25 52.125)
  60 | POINT(6.25 52.25)
  61 | POINT(6.5 50.5)
  62 | POINT(6.5 50.625)
  63 | POINT(6.5 50.75)
  64 | POINT(6.5 50.875)
  65 | POINT(6.5 51)
  66 | POINT(6.5 51.125)
  67 | POINT(6.5 51.25)
  68 | POINT(6.5 51.375)
  69 | POINT(6.5 51.5)
  70 | POINT(6.5 51.625)
  71 | POINT(6.5 51.75)
  72 | POINT(6.5 51.875)
  73 | POINT(6.5 52)
  74 | POINT(6.5 52.125)
  75 | POINT(6.5 52.25)
  76 | POINT(6.75 50.5)
  77 | POINT(6.75 50.625)
  78 | POINT(6.75 50.75)
  79 | POINT(6.75 50.875)
  80 | POINT(6.75 51)
  81 | POINT(6.75 51.125)
  82 | POINT(6.75 51.25)
  83 | POINT(6.75 51.375)
  84 | POINT(6.75 51.5)
  85 | POINT(6.75 51.625)
  86 | POINT(6.75 51.75)
  87 | POINT(6.75 51.875)
  88 | POINT(6.75 52)
  89 | POINT(6.75 52.125)
  90 | POINT(6.75 52.25)
  91 | POINT(7 50.5)
  92 | POINT(7 50.625)
  93 | POINT(7 50.75)
  94 | POINT(7 50.875)
  95 | POINT(7 51)
  96 | POINT(7 51.125)
  97 | POINT(7 51.25)
  98 | POINT(7 51.375)
  99 | POINT(7 51.5)
 100 | POINT(7 51.625)
 101 | POINT(7 51.75)
 102 | POINT(7 51.875)
 103 | POINT(7 52)
 104 | POINT(7 52.125)
 105 | POINT(7 52.25)
 106 | POINT(7.25 50.5)
 107 | POINT(7.25 50.625)
 108 | POINT(7.25 50.75)
 109 | POINT(7.25 50.875)
 110 | POINT(7.25 51)
 111 | POINT(7.25 51.125)
 112 | POINT(7.25 51.25)
 113 | POINT(7.25 51.375)
 114 | POINT(7.25 51.5)
 115 | POINT(7.25 51.625)
 116 | POINT(7.25 51.75)
 117 | POINT(7.25 51.875)
 118 | POINT(7.25 52)
 119 | POINT(7.25 52.125)
 120 | POINT(7.25 52.25)

