251805.659894817 5600078.12872113
252461.993180254 5613972.55140637
253119.511536908 5627867.16256314
253778.211859769 5641761.96203544
254438.091037908 5655656.94966362
255099.145954488 5669552.12528446
255761.373486782 5683447.4887311
256424.770506181 5697343.03983311
257089.333878213 5711238.77841643
257755.060462554 5725134.70430344
258421.947113042 5739030.81731289
259089.990677692 5752927.11725997
259759.187998712 5766823.60395625
260429.53591251 5780720.27720974
261101.031249718 5794617.13682486
269530.058948287 5599271.57433653
270139.436699614 5613166.68901872
270749.915416801 5627062.00751387
271361.49221878 5640957.52965249
271974.164218959 5654853.25526117
272587.928525236 5668749.18416263
273202.782240014 5682645.31617566
273818.722460208 5696541.65111517
274435.746277265 5710438.18879219
275053.85077717 5724334.92901385
275673.033040464 5738231.87158341
276293.290142254 5752129.01630023
276914.619152227 5766026.36295982
277537.017134664 5779923.91135378
278160.481148449 5793821.66126987
287255.298029262 5598524.85314151
287817.736812571 5612420.60768836
288381.192335621 5626316.58025366
288945.661940807 5640212.77065549
289511.142965403 5654109.17870775
290077.632741578 5668005.80422019
290645.128596404 5681902.64699838
291213.627851867 5695799.70684373
291783.127824883 5709696.98355351
292353.625827306 5723594.4769208
292925.119165941 5737492.18673455
293497.605142556 5751390.11277955
294071.081053894 5765288.25483647
294645.544191683 5779186.6126818
295220.991842653 5793085.18608792
304981.311491923 5597837.9447407
305496.826602226 5611734.28722166
306013.274114748 5625630.86079047
306530.651594907 5639527.66525387
307048.956603409 5653424.70041412
307568.186696262 5667321.9660691
308088.339424782 5681219.46201226
308609.412335608 5695117.18803265
309131.402970709 5709015.14391489
309654.308867397 5722913.32943924
310178.127558339 5736811.7443815
310702.856571565 5750710.38851313
311228.493430478 5764609.26160118
311755.03565387 5778508.36340828
312282.480755928 5792407.69369271
322708.033937463 5597210.83036665
323176.639397907 5611107.70903663
323646.092820993 5625004.83072774
324116.391994755 5638902.19523635
324587.534702932 5652799.80235417
325059.518724974 5666697.65186827
325532.341836052 5680595.74356108
326006.001807071 5694494.0772104
326480.496404675 5708392.65258938
326955.823391257 5722291.46946656
327431.980524974 5736190.52760582
327908.96555975 5750089.82676646
328386.77624529 5763989.36670314
328865.410327091 5777889.14716591
329344.865546446 5791789.16790019
340435.400193407 5596643.49288072
340857.108754566 5610540.85616394
341279.58074606 5624438.47326532
341702.814178173 5638336.34397191
342126.807057311 5652234.46806587
342551.557386008 5666132.84532455
342977.063162936 5680031.47552045
343403.322382911 5693930.3584212
343830.333036906 5707829.49378962
344258.093112054 5721728.88138367
344686.600591663 5735628.52095651
345115.853455219 5749528.41225644
345545.8496784 5763428.55502697
345976.58723308 5777328.94900676
346408.06408734 5791229.59392969
358163.34529297 5596135.91677394
358538.168432195 5610033.71324776
358913.670386032 5623931.77320044
359289.849386686 5637830.09641071
359666.703662901 5651728.68265225
360044.23143997 5665627.53169373
360422.430939745 5679526.64329875
360801.300380639 5693426.01722593
361180.837977639 5707325.65322884
361561.041942312 5721225.55105603
361941.91048281 5735125.71045104
362323.441803881 5749026.13115242
362705.634106878 5762926.81289368
363088.485589761 5776827.75540337
363471.994447111 5790728.958405
375891.804454424 5595688.08816779
376219.75237526 5609586.26654653
376548.294420875 5623484.71692843
376877.429045095 5637383.43908493
377207.154698711 5651282.43278221
377537.469829488 5665181.69778131
377868.37288217 5679081.23383805
378199.862298488 5692981.04070305
378531.936517165 5706881.11812178
378864.593973924 5720781.46583449
379197.833101493 5734682.08357629
379531.652329614 5748582.9710771
379866.050085049 5762484.12806168
380201.024791586 5776385.55424962
380536.574870046 5790287.24935537

