2774871.36827134 6117438.94705893
2768340.16043697 6130707.59953909
2761801.72178202 6143967.25826933
2755256.08888495 6157217.94390222
2748703.29820487 6170459.67719786
2742143.3860816 6183692.47902304
2735576.38873582 6196916.37035043
2729002.34226918 6210131.37225765
2722421.28266441 6223337.50592656
2715833.24578545 6236534.7926423
2709238.26737761 6249723.25379257
2702636.3830677 6262902.91086675
2696027.62836414 6276073.78545508
2689412.03865716 6289235.89924789
2682789.64921895 6302389.27403475
2791793.78203965 6125801.82409967
2785205.93812047 6139057.4200869
2778610.87345212 6152303.8873762
2772008.62491466 6165541.24713006
2765399.22926499 6178769.52061858
2758782.72313698 6191988.72921874
2752159.14304158 6205198.89441341
2745528.525367 6218400.0377906
2738890.90637883 6231592.18104251
2732246.32222017 6244775.34596478
2725594.80891181 6257949.55445556
2718936.40235239 6271114.82851471
2712271.13831854 6284271.19024298
2705599.05246509 6297418.66184115
2698920.18032519 6310557.26560922
2808699.43731745 6134237.0378153
2802054.82800885 6147479.3709516
2795403.00971785 6160712.43979509
2788744.01962294 6173936.26602719
2782077.89477563 6187150.87143706
2775404.67210057 6200356.27792075
2768724.38839569 6213552.50748026
2762037.08033237 6226739.58222273
2755342.78445559 6239917.52435953
2748641.53718414 6253086.35620539
2741933.37481072 6266246.10017755
2735218.3335022 6279396.77879493
2728496.44929972 6292538.41467723
2721767.75811898 6305671.03054413
2715032.29575032 6318794.6492144
2825588.06633519 6142744.75440349
2818886.56214817 6155973.61571667
2812177.86246029 6169193.07651013
2805462.0047452 6182403.1589934
2798739.02634564 6195603.88548377
2792008.96447357 6208795.27840536
2785271.85621041 6221977.36028827
2778527.73850716 6235150.15376764
2771776.64818459 6248313.68158279
2765018.62193344 6261467.96657632
2758253.69631464 6274613.03169326
2751481.90775945 6287748.89998015
2744703.2925697 6300875.59458423
2737917.88691801 6313993.1387525
2731125.72684799 6327101.55583096
2842459.39780697 6151325.14029544
2835700.86909313 6164540.31817352
2828935.16009436 6177745.95868821
2822162.30857593 6190942.08458639
2815382.35216826 6204128.71872258
2808595.32836704 6217305.88405814
2801801.27453345 6230473.60366022
2795000.22789437 6243631.90070095
2788192.22554256 6256780.79845648
2781377.30443687 6269920.3203061
2774555.50140248 6283050.48973134
2767726.8531311 6296171.33031505
2760891.39618119 6309282.8657406
2754049.16697823 6322385.1197909
2747200.2018149 6335478.11634759
2859313.15689152 6159978.36212384
2852497.47386856 6173179.64228942
2845674.62753063 6186371.24764679
2838844.65593098 6199553.20148946
2832007.59698394 6212725.52721849
2825163.48846512 6225888.24834156
2818312.36801159 6239041.38847202
2811454.27312218 6252184.97132798
2804589.24115764 6265319.02073139
2797717.30934086 6278443.56060708
2790838.51475718 6291558.61498189
2783952.89435458 6304664.20798376
2777060.48494392 6317760.36384082
2770161.32319923 6330847.10688046
2763255.44565796 6343924.46152851
2876149.065153 6168704.5866902
2869276.09793057 6181891.75217472
2862395.98613702 6195069.10482107
2855508.76810967 6208236.66847877
2848614.48204284 6221394.46710469
2841713.16598802 6234542.52476212
2834804.85785416 6247680.86561974
2827889.59540786 6260809.51395074
2820967.41627367 6273928.49413186
2814038.35793431 6287037.83064246
2807102.45773094 6300137.54806354
2800159.75286344 6313227.67107689
2793210.28039067 6326308.22446413
2786254.07723074 6339379.23310582
2779291.18016132 6352440.72198051
2892966.84052138 6177503.98093167
2886036.45912749 6190676.81204967
2879098.95370011 6203839.69173074
2872154.36285659 6216992.6443899
2865202.72506707 6230135.69454922
2858244.07865475 6243268.86683687
2851278.46179615 6256392.18598612
2844305.91252134 6269505.67683441
2837326.46871429 6282609.36432233
2830340.16811306 6295703.27349275
2823347.04831016 6308787.42948978
2816347.14675281 6321861.85755792
2809340.50074322 6334926.58304106
2802327.14743892 6347981.63138159
2795307.12385307 6361027.02811945

